<html>
<body>
<pre>
<h1>µVision Build Log</h1>
<h2>Tool Versions:</h2>
IDE-Version: µVision V5.21.1.0
Copyright (C) 2016 ARM Ltd and ARM Germany GmbH. All rights reserved.
License Information: abc aa, abc, LIC=----
 
Tool Versions:
Toolchain:       MDK-Lite  Version: 5.21a
Toolchain Path:  C:\Keil_v5\ARM\ARMCC\Bin
C Compiler:      Armcc.exe V5.06 update 3 (build 300)
Assembler:       Armasm.exe V5.06 update 3 (build 300)
Linker/Locator:  ArmLink.exe V5.06 update 3 (build 300)
Library Manager: ArmAr.exe V5.06 update 3 (build 300)
Hex Converter:   FromElf.exe V5.06 update 3 (build 300)
CPU DLL:         SARMCM3.DLL V5.21a
Dialog DLL:      DCM.DLL V1.13.8.0
Target DLL:      STLink\ST-LINKIII-KEIL_SWO.dll V2.0.18.0
Dialog DLL:      TCM.DLL V1.14.14.0
 
<h2>Project:</h2>
E:\C\GIT\STM32F407_Projects\1.Projects\FLASH\FLASH_Programming\FLASH_Programming.uvprojx
Project File Date:  03/19/2018

<h2>Output:</h2>
*** Using Compiler 'V5.06 update 3 (build 300)', folder: 'C:\Keil_v5\ARM\ARMCC\Bin'
Rebuild target 'Target 1'
compiling GPIO_driver.c...
compiling interrupt_controller.c...
compiling main.c...
Src\../Inc/FLASH_driver.h(78): error:  #101: "DISABLE" has already been declared in the current scope
    DISABLE = 0U, 
Src\../Inc/FLASH_driver.h(79): error:  #101: "ENABLE" has already been declared in the current scope
    ENABLE = !DISABLE
Src\../Inc/FLASH_driver.h(80): error:  #256: invalid redeclaration of type name "FunctionalState" (declared at line 206 of "C:\Keil_v5\ARM\PACK\Keil\STM32F4xx_DFP\2.9.0\Drivers\CMSIS\Device\ST\STM32F4xx\Include\stm32f4xx.h")
  } FunctionalState;
Src\main.c(136): error:  #20: identifier "HSE_STARTUP_TIMEOUT" is undefined
    } while((startupcounter != HSE_STARTUP_TIMEOUT) && (hsestatus == RESET));
Src\main.c(164): warning:  #223-D: function "FLASH_PrefetchBufferCmd" declared implicitly
      FLASH_PrefetchBufferCmd(ENABLE);
Src\main.c(167): warning:  #223-D: function "FLASH_SetLatency" declared implicitly
      FLASH_SetLatency(FLASH_Latency_2);
Src\main.c(167): error:  #20: identifier "FLASH_Latency_2" is undefined
      FLASH_SetLatency(FLASH_Latency_2);
Src\main.c(170): warning:  #223-D: function "RCC_PLLConfig" declared implicitly
      RCC_PLLConfig(RCC_PLLSource_HSE, 6, 252, 4, 7);
Src\main.c(170): error:  #20: identifier "RCC_PLLSource_HSE" is undefined
      RCC_PLLConfig(RCC_PLLSource_HSE, 6, 252, 4, 7);
Src\main.c(173): warning:  #223-D: function "RCC_PLLCmd" declared implicitly
      RCC_PLLCmd(ENABLE);
Src\main.c(181): warning:  #223-D: function "RCC_SYSCLKConfig" declared implicitly
      RCC_SYSCLKConfig(RCC_SYSCLKSource_PLLCLK);
Src\main.c(181): error:  #20: identifier "RCC_SYSCLKSource_PLLCLK" is undefined
      RCC_SYSCLKConfig(RCC_SYSCLKSource_PLLCLK);
Src\main.c(184): warning:  #223-D: function "RCC_GetSYSCLKSource" declared implicitly
      while (RCC_GetSYSCLKSource() != 0x08)
Src\main.c(204): warning:  #223-D: function "FLASH_Unlock" declared implicitly
        FLASH_Unlock();
Src\main.c(207): warning:  #223-D: function "FLASH_ClearFlag" declared implicitly
    FLASH_ClearFlag(FLASH_FLAG_EOP | FLASH_FLAG_OPERR | FLASH_FLAG_WRPERR | FLASH_FLAG_PGAERR | FLASH_FLAG_PGPERR|FLASH_FLAG_PGSERR); 
Src\main.c(209): warning:  #223-D: function "FLASH_OB_Unlock" declared implicitly
        FLASH_OB_Unlock();
Src\main.c(211): warning:  #223-D: function "FLASH_OB_WRP1Config" declared implicitly
        FLASH_OB_WRP1Config(OB_WRP_Sector_All, DISABLE);
Src\main.c(213): warning:  #223-D: function "FLASH_OB_Lock" declared implicitly
         FLASH_OB_Lock();
Src\main.c(215): warning:  #223-D: function "print_data" declared implicitly
        print_data(ADDR_FLASH_SECTOR_0, ADDR_FLASH_SECTOR_0 + 80);
Src\main.c(220): warning:  #111-D: statement is unreachable
        return 0;
Src\main.c: 13 warnings, 7 errors
compiling UART_driver.c...
compiling FLASH_driver.c...
Src\FLASH_driver.c(20): warning:  #186-D: pointless comparison of unsigned integer with zero
      for(i=30; i >= 0&&hex_num; --hex_num,--i, num/=base)
Src\FLASH_driver.c: 1 warning, 0 errors
assembling startup_stm32f407xx.s...
compiling system_stm32f4xx.c...
".\Objects\FLASH_Programming.axf" - 7 Error(s), 14 Warning(s).

<h2>Software Packages used:</h2>

Package Vendor: ARM
                http://www.keil.com/pack/ARM.CMSIS.5.0.0-Beta4.pack
                ARM::CMSIS:CORE:5.0.0
                CMSIS (Cortex Microcontroller Software Interface Standard)
   * Component: CORE Version: 5.0.0

Package Vendor: Keil
                http://www.keil.com/pack/Keil.STM32F4xx_DFP.2.9.0.pack
                Keil::Device:Startup:2.5.0
                STMicroelectronics STM32F4 Series Device Support, Drivers and Examples
   * Component: Startup Version: 2.5.0

<h2>Collection of Component include folders:</h2>
  E:\C\GIT\STM32F407_Projects\1.Projects\FLASH\FLASH_Programming\RTE
  C:\Keil_v5\ARM\PACK\ARM\CMSIS\5.0.0-Beta4\CMSIS\Include
  C:\Keil_v5\ARM\PACK\Keil\STM32F4xx_DFP\2.9.0\Drivers\CMSIS\Device\ST\STM32F4xx\Include

<h2>Collection of Component Files used:</h2>

   * Component: ARM::CMSIS:CORE:5.0.0

   * Component: Keil::Device:Startup:2.5.0
      Source file:   MDK\Device\Source\ARM\STM32F40xxx_41xxx_OPT.s
      Source file:   MDK\Device\Source\ARM\STM32F4xx_OTP.s
      Include file:  Drivers\CMSIS\Device\ST\STM32F4xx\Include\stm32f4xx.h
      Source file:   Drivers\CMSIS\Device\ST\STM32F4xx\Source\Templates\arm\startup_stm32f407xx.s
      Source file:   Drivers\CMSIS\Device\ST\STM32F4xx\Source\Templates\system_stm32f4xx.c
Target not created.
Build Time Elapsed:  00:00:04
</pre>
</body>
</html>
